Change Component Designator: Old Designator=C53 New Designator=C61
Change Component Designator: Old Designator=C54 New Designator=C60
Change Component Designator: Old Designator=C55 New Designator=C53
Change Component Designator: Old Designator=C56 New Designator=C54
Change Component Designator: Old Designator=C57 New Designator=C55
Change Component Designator: Old Designator=C59 New Designator=C62
Change Component Designator: Old Designator=C60 New Designator=C63
Change Component Designator: Old Designator=C61 New Designator=C64
Change Component Designator: Old Designator=C62 New Designator=C65
Change Component Designator: Old Designator=C63 New Designator=C66
Change Component Designator: Old Designator=C64 New Designator=C67
Change Component Designator: Old Designator=C66 New Designator=C97
Change Component Designator: Old Designator=C68 New Designator=C76
Change Component Designator: Old Designator=C69 New Designator=C77
Change Component Designator: Old Designator=C70 New Designator=C78
Change Component Designator: Old Designator=C71 New Designator=C83
Change Component Designator: Old Designator=C72 New Designator=C84
Change Component Designator: Old Designator=C73 New Designator=C85
Change Component Designator: Old Designator=C74 New Designator=C86
Change Component Designator: Old Designator=C75 New Designator=C87
Change Component Designator: Old Designator=C76 New Designator=C88
Change Component Designator: Old Designator=C77 New Designator=C98
Change Component Designator: Old Designator=C? New Designator=C56
Change Component Designator: Old Designator=C? New Designator=C57
Change Component Designator: Old Designator=C? New Designator=C58
Change Component Designator: Old Designator=C? New Designator=C59
Change Component Designator: Old Designator=C? New Designator=C68
Change Component Designator: Old Designator=C? New Designator=C69
Change Component Designator: Old Designator=C? New Designator=C70
Change Component Designator: Old Designator=C? New Designator=C71
Change Component Designator: Old Designator=C? New Designator=C72
Change Component Designator: Old Designator=C? New Designator=C73
Change Component Designator: Old Designator=C? New Designator=C74
Change Component Designator: Old Designator=C? New Designator=C75
Change Component Designator: Old Designator=C? New Designator=C79
Change Component Designator: Old Designator=C? New Designator=C80
Change Component Designator: Old Designator=C? New Designator=C81
Change Component Designator: Old Designator=C? New Designator=C82
Change Component Designator: Old Designator=C? New Designator=C89
Change Component Designator: Old Designator=C? New Designator=C90
Change Component Designator: Old Designator=C? New Designator=C91
Change Component Designator: Old Designator=C? New Designator=C92
Change Component Designator: Old Designator=C? New Designator=C93
Change Component Designator: Old Designator=C? New Designator=C94
Change Component Designator: Old Designator=C? New Designator=C95
Change Component Designator: Old Designator=C? New Designator=C96
Change Component Designator: Old Designator=R3 New Designator=R10
Change Component Designator: Old Designator=R4 New Designator=R3
Change Component Designator: Old Designator=R5 New Designator=R4
Change Component Designator: Old Designator=R6 New Designator=R5
Change Component Designator: Old Designator=R7 New Designator=R11
Change Component Designator: Old Designator=R9 New Designator=R19
Change Component Designator: Old Designator=R11 New Designator=R20
Change Component Designator: Old Designator=R13 New Designator=R21
Change Component Designator: Old Designator=R15 New Designator=R23
Change Component Designator: Old Designator=R16 New Designator=R12
Change Component Designator: Old Designator=R17 New Designator=R13
Change Component Designator: Old Designator=R18 New Designator=R14
Change Component Designator: Old Designator=R19 New Designator=R22
Change Component Designator: Old Designator=R? New Designator=R6
Change Component Designator: Old Designator=R? New Designator=R7
Change Component Designator: Old Designator=R? New Designator=R8
Change Component Designator: Old Designator=R? New Designator=R9
Change Component Designator: Old Designator=R? New Designator=R15
Change Component Designator: Old Designator=R? New Designator=R16
Change Component Designator: Old Designator=R? New Designator=R17
Change Component Designator: Old Designator=R? New Designator=R18
Change Component Designator: Old Designator=U17 New Designator=U27
Change Component Designator: Old Designator=U19 New Designator=U20
Change Component Designator: Old Designator=U20 New Designator=U21
Change Component Designator: Old Designator=U21 New Designator=U22
Change Component Designator: Old Designator=U22 New Designator=U28
Change Component Designator: Old Designator=U23 New Designator=U29
Change Component Designator: Old Designator=U? New Designator=U16
Change Component Designator: Old Designator=U? New Designator=U17
Change Component Designator: Old Designator=U? New Designator=U18
Change Component Designator: Old Designator=U? New Designator=U19
Change Component Designator: Old Designator=U? New Designator=U23
Change Component Designator: Old Designator=U? New Designator=U24
Change Component Designator: Old Designator=U? New Designator=U25
Change Component Designator: Old Designator=U? New Designator=U26
